Base path: D:/Programmi/Unity/Editor/Data
Pipe name: \\.\pipe\UnityShaderCompiler-64bit-2-2760
Cmd: getPlatforms
Cmd: compileSnippet
  api=4 type=0 insize=977 outsize=3979 kw=DIRECTIONAL SHADOWS_OFF LIGHTMAP_OFF DIRLIGHTMAP_OFF DYNAMICLIGHTMAP_OFF _ALPHAPREMULTIPLY_ON ok=1
Cmd: compileSnippet
  api=1 type=0 insize=977 outsize=1485 kw=DIRECTIONAL SHADOWS_SCREEN LIGHTMAP_OFF DIRLIGHTMAP_OFF DYNAMICLIGHTMAP_OFF VERTEXLIGHT_ON _ALPHAPREMULTIPLY_ON ok=1
Cmd: compileSnippet
  api=4 type=0 insize=977 outsize=4134 kw=DIRECTIONAL SHADOWS_OFF LIGHTMAP_OFF DIRLIGHTMAP_OFF DYNAMICLIGHTMAP_OFF FOG_EXP2 _ALPHAPREMULTIPLY_ON ok=1
Cmd: compileSnippet
  api=1 type=0 insize=977 outsize=1519 kw=DIRECTIONAL SHADOWS_SCREEN LIGHTMAP_OFF DIRLIGHTMAP_OFF DYNAMICLIGHTMAP_OFF FOG_EXP2 VERTEXLIGHT_ON _ALPHAPREMULTIPLY_ON ok=1
Cmd: compileSnippet
  api=4 type=0 insize=977 outsize=4995 kw=DIRECTIONAL SHADOWS_SCREEN LIGHTMAP_OFF DIRLIGHTMAP_OFF DYNAMICLIGHTMAP_OFF _ALPHAPREMULTIPLY_ON _NORMALMAP _SPECGLOSSMAP ok=1
Cmd: compileSnippet
  api=4 type=0 insize=977 outsize=6409 kw=DIRECTIONAL SHADOWS_SCREEN LIGHTMAP_OFF DIRLIGHTMAP_OFF DYNAMICLIGHTMAP_OFF VERTEXLIGHT_ON _ALPHAPREMULTIPLY_ON _NORMALMAP _SPECGLOSSMAP ok=1
Cmd: compileSnippet
  api=1 type=0 insize=977 outsize=1704 kw=DIRECTIONAL SHADOWS_SCREEN LIGHTMAP_OFF DIRLIGHTMAP_OFF DYNAMICLIGHTMAP_OFF FOG_EXP2 VERTEXLIGHT_ON _ALPHAPREMULTIPLY_ON _NORMALMAP _SPECGLOSSMAP ok=1
Cmd: compileSnippet
  api=4 type=1 insize=977 outsize=10902 kw=DIRECTIONAL SHADOWS_SCREEN LIGHTMAP_OFF DIRLIGHTMAP_OFF DYNAMICLIGHTMAP_OFF _ALPHAPREMULTIPLY_ON ok=1
Cmd: compileSnippet
  api=4 type=1 insize=977 outsize=11333 kw=DIRECTIONAL SHADOWS_SCREEN LIGHTMAP_OFF DIRLIGHTMAP_OFF DYNAMICLIGHTMAP_OFF FOG_EXP2 _ALPHAPREMULTIPLY_ON ok=1
Cmd: compileSnippet
  api=4 type=1 insize=977 outsize=11682 kw=DIRECTIONAL SHADOWS_SCREEN LIGHTMAP_OFF DIRLIGHTMAP_OFF DYNAMICLIGHTMAP_OFF _ALPHAPREMULTIPLY_ON _NORMALMAP _SPECGLOSSMAP ok=1
Cmd: compileSnippet
  api=4 type=1 insize=977 outsize=12113 kw=DIRECTIONAL SHADOWS_SCREEN LIGHTMAP_OFF DIRLIGHTMAP_OFF DYNAMICLIGHTMAP_OFF FOG_EXP2 _ALPHAPREMULTIPLY_ON _NORMALMAP _SPECGLOSSMAP ok=1
Cmd: compileSnippet
  api=1 type=0 insize=934 outsize=808 kw=DIRECTIONAL SHADOWS_OFF _ALPHAPREMULTIPLY_ON ok=1
Cmd: compileSnippet
  api=1 type=0 insize=934 outsize=915 kw=SPOT SHADOWS_OFF _ALPHAPREMULTIPLY_ON ok=1
Cmd: compileSnippet
  api=4 type=0 insize=934 outsize=4727 kw=DIRECTIONAL_COOKIE SHADOWS_OFF _ALPHAPREMULTIPLY_ON ok=1
Cmd: compileSnippet
  api=1 type=0 insize=934 outsize=1051 kw=DIRECTIONAL_COOKIE SHADOWS_SCREEN _ALPHAPREMULTIPLY_ON ok=1
Cmd: compileSnippet
  api=1 type=0 insize=934 outsize=943 kw=POINT_COOKIE SHADOWS_CUBE _ALPHAPREMULTIPLY_ON ok=1
Cmd: compileSnippet
  api=1 type=0 insize=934 outsize=1005 kw=SPOT SHADOWS_DEPTH SHADOWS_SOFT SHADOWS_NATIVE _ALPHAPREMULTIPLY_ON ok=1
Cmd: compileSnippet
  api=1 type=0 insize=934 outsize=943 kw=POINT_COOKIE SHADOWS_CUBE SHADOWS_SOFT _ALPHAPREMULTIPLY_ON ok=1
Cmd: compileSnippet
  api=4 type=0 insize=934 outsize=4881 kw=POINT SHADOWS_OFF FOG_EXP2 _ALPHAPREMULTIPLY_ON ok=1
Cmd: compileSnippet
  api=1 type=0 insize=934 outsize=950 kw=POINT_COOKIE SHADOWS_OFF FOG_EXP2 _ALPHAPREMULTIPLY_ON ok=1
Cmd: compileSnippet
  api=4 type=0 insize=934 outsize=4881 kw=DIRECTIONAL_COOKIE SHADOWS_OFF FOG_EXP2 _ALPHAPREMULTIPLY_ON ok=1
Cmd: compileSnippet
  api=4 type=0 insize=934 outsize=4508 kw=DIRECTIONAL SHADOWS_SCREEN FOG_EXP2 _ALPHAPREMULTIPLY_ON ok=1
Cmd: compileSnippet
  api=1 type=0 insize=934 outsize=992 kw=POINT_COOKIE SHADOWS_CUBE FOG_EXP2 _ALPHAPREMULTIPLY_ON ok=1
Cmd: compileSnippet
  api=4 type=0 insize=934 outsize=5296 kw=SPOT SHADOWS_DEPTH SHADOWS_SOFT SHADOWS_NATIVE FOG_EXP2 _ALPHAPREMULTIPLY_ON ok=1
Cmd: compileSnippet
  api=1 type=0 insize=934 outsize=808 kw=DIRECTIONAL SHADOWS_OFF _ALPHAPREMULTIPLY_ON _NORMALMAP _SPECGLOSSMAP ok=1
Cmd: compileSnippet
  api=4 type=0 insize=934 outsize=4727 kw=POINT_COOKIE SHADOWS_OFF _ALPHAPREMULTIPLY_ON _NORMALMAP _SPECGLOSSMAP ok=1
Cmd: compileSnippet
  api=1 type=0 insize=934 outsize=977 kw=DIRECTIONAL SHADOWS_SCREEN _ALPHAPREMULTIPLY_ON _NORMALMAP _SPECGLOSSMAP ok=1
Cmd: compileSnippet
  api=1 type=0 insize=934 outsize=943 kw=POINT SHADOWS_CUBE _ALPHAPREMULTIPLY_ON _NORMALMAP _SPECGLOSSMAP ok=1
Cmd: compileSnippet
  api=4 type=0 insize=934 outsize=4873 kw=POINT_COOKIE SHADOWS_CUBE _ALPHAPREMULTIPLY_ON _NORMALMAP _SPECGLOSSMAP ok=1
Cmd: compileSnippet
  api=1 type=0 insize=934 outsize=943 kw=POINT_COOKIE SHADOWS_CUBE SHADOWS_SOFT _ALPHAPREMULTIPLY_ON _NORMALMAP _SPECGLOSSMAP ok=1
Cmd: compileSnippet
  api=4 type=0 insize=934 outsize=4191 kw=DIRECTIONAL SHADOWS_OFF FOG_EXP2 _ALPHAPREMULTIPLY_ON _NORMALMAP _SPECGLOSSMAP ok=1
Cmd: compileSnippet
  api=1 type=0 insize=934 outsize=931 kw=DIRECTIONAL_COOKIE SHADOWS_OFF FOG_EXP2 _ALPHAPREMULTIPLY_ON _NORMALMAP _SPECGLOSSMAP ok=1
Cmd: compileSnippet
  api=4 type=0 insize=934 outsize=5296 kw=SPOT SHADOWS_DEPTH SHADOWS_NATIVE FOG_EXP2 _ALPHAPREMULTIPLY_ON _NORMALMAP _SPECGLOSSMAP ok=1
Cmd: compileSnippet
  api=1 type=0 insize=934 outsize=992 kw=POINT SHADOWS_CUBE FOG_EXP2 _ALPHAPREMULTIPLY_ON _NORMALMAP _SPECGLOSSMAP ok=1
Cmd: compileSnippet
  api=4 type=0 insize=934 outsize=5028 kw=POINT_COOKIE SHADOWS_CUBE FOG_EXP2 _ALPHAPREMULTIPLY_ON _NORMALMAP _SPECGLOSSMAP ok=1
Cmd: compileSnippet
  api=1 type=0 insize=934 outsize=992 kw=POINT_COOKIE SHADOWS_CUBE SHADOWS_SOFT FOG_EXP2 _ALPHAPREMULTIPLY_ON _NORMALMAP _SPECGLOSSMAP ok=1
Cmd: compileSnippet
  api=1 type=1 insize=934 outsize=2058 kw=DIRECTIONAL SHADOWS_OFF _ALPHAPREMULTIPLY_ON ok=1
Cmd: compileSnippet
  api=4 type=1 insize=934 outsize=6230 kw=POINT_COOKIE SHADOWS_OFF _ALPHAPREMULTIPLY_ON ok=1
Cmd: compileSnippet
  api=4 type=1 insize=934 outsize=5848 kw=DIRECTIONAL_COOKIE SHADOWS_OFF _ALPHAPREMULTIPLY_ON ok=1
Cmd: compileSnippet
  api=4 type=1 insize=934 outsize=5905 kw=DIRECTIONAL SHADOWS_SCREEN _ALPHAPREMULTIPLY_ON ok=1
Cmd: compileSnippet
  api=1 type=1 insize=934 outsize=2382 kw=POINT SHADOWS_CUBE _ALPHAPREMULTIPLY_ON ok=1
Cmd: compileSnippet
  api=1 type=1 insize=934 outsize=2678 kw=SPOT SHADOWS_DEPTH SHADOWS_SOFT SHADOWS_NATIVE _ALPHAPREMULTIPLY_ON ok=1
Cmd: compileSnippet
  api=4 type=1 insize=934 outsize=7758 kw=POINT_COOKIE SHADOWS_CUBE SHADOWS_SOFT _ALPHAPREMULTIPLY_ON ok=1
Cmd: compileSnippet
  api=4 type=1 insize=934 outsize=5929 kw=DIRECTIONAL SHADOWS_OFF FOG_EXP2 _ALPHAPREMULTIPLY_ON ok=1
Cmd: compileSnippet
  api=4 type=1 insize=934 outsize=6563 kw=POINT_COOKIE SHADOWS_OFF FOG_EXP2 _ALPHAPREMULTIPLY_ON ok=1
Cmd: compileSnippet
  api=4 type=1 insize=934 outsize=7465 kw=SPOT SHADOWS_DEPTH SHADOWS_NATIVE FOG_EXP2 _ALPHAPREMULTIPLY_ON ok=1
Cmd: compileSnippet
  api=4 type=1 insize=934 outsize=6498 kw=DIRECTIONAL_COOKIE SHADOWS_SCREEN FOG_EXP2 _ALPHAPREMULTIPLY_ON ok=1
Cmd: compileSnippet
  api=4 type=1 insize=934 outsize=7319 kw=POINT_COOKIE SHADOWS_CUBE FOG_EXP2 _ALPHAPREMULTIPLY_ON ok=1
Cmd: compileSnippet
  api=4 type=1 insize=934 outsize=7904 kw=POINT SHADOWS_CUBE SHADOWS_SOFT FOG_EXP2 _ALPHAPREMULTIPLY_ON ok=1
Cmd: compileSnippet
  api=1 type=1 insize=934 outsize=2458 kw=POINT SHADOWS_OFF _ALPHAPREMULTIPLY_ON _NORMALMAP _SPECGLOSSMAP ok=1
Cmd: compileSnippet
  api=1 type=1 insize=934 outsize=2508 kw=POINT_COOKIE SHADOWS_OFF _ALPHAPREMULTIPLY_ON _NORMALMAP _SPECGLOSSMAP ok=1
Cmd: compileSnippet
  api=1 type=1 insize=934 outsize=2691 kw=SPOT SHADOWS_DEPTH SHADOWS_NATIVE _ALPHAPREMULTIPLY_ON _NORMALMAP _SPECGLOSSMAP ok=1
Cmd: compileSnippet
  api=1 type=1 insize=934 outsize=2670 kw=POINT SHADOWS_CUBE _ALPHAPREMULTIPLY_ON _NORMALMAP _SPECGLOSSMAP ok=1
Cmd: compileSnippet
  api=1 type=1 insize=934 outsize=2944 kw=SPOT SHADOWS_DEPTH SHADOWS_SOFT SHADOWS_NATIVE _ALPHAPREMULTIPLY_ON _NORMALMAP _SPECGLOSSMAP ok=1
Cmd: compileSnippet
  api=4 type=1 insize=934 outsize=8456 kw=POINT_COOKIE SHADOWS_CUBE SHADOWS_SOFT _ALPHAPREMULTIPLY_ON _NORMALMAP _SPECGLOSSMAP ok=1
Cmd: compileSnippet
  api=1 type=1 insize=934 outsize=2688 kw=SPOT SHADOWS_OFF FOG_EXP2 _ALPHAPREMULTIPLY_ON _NORMALMAP _SPECGLOSSMAP ok=1
Cmd: compileSnippet
  api=4 type=1 insize=934 outsize=6896 kw=DIRECTIONAL_COOKIE SHADOWS_OFF FOG_EXP2 _ALPHAPREMULTIPLY_ON _NORMALMAP _SPECGLOSSMAP ok=1
Cmd: compileSnippet
  api=1 type=1 insize=934 outsize=2579 kw=DIRECTIONAL SHADOWS_SCREEN FOG_EXP2 _ALPHAPREMULTIPLY_ON _NORMALMAP _SPECGLOSSMAP ok=1
Cmd: compileSnippet
  api=4 type=1 insize=934 outsize=7213 kw=DIRECTIONAL_COOKIE SHADOWS_SCREEN FOG_EXP2 _ALPHAPREMULTIPLY_ON _NORMALMAP _SPECGLOSSMAP ok=1
Cmd: compileSnippet
  api=1 type=1 insize=934 outsize=2821 kw=POINT_COOKIE SHADOWS_CUBE FOG_EXP2 _ALPHAPREMULTIPLY_ON _NORMALMAP _SPECGLOSSMAP ok=1
Cmd: compileSnippet
  api=1 type=1 insize=934 outsize=3022 kw=POINT SHADOWS_CUBE SHADOWS_SOFT FOG_EXP2 _ALPHAPREMULTIPLY_ON _NORMALMAP _SPECGLOSSMAP ok=1
Cmd: compileSnippet
  api=1 type=0 insize=751 outsize=262 kw=SHADOWS_CUBE _ALPHAPREMULTIPLY_ON ok=1
Cmd: compileSnippet
  api=4 type=1 insize=751 outsize=1436 kw=SHADOWS_CUBE _ALPHAPREMULTIPLY_ON ok=1
Cmd: compileSnippet
  api=1 type=0 insize=1148 outsize=1026 kw=LIGHTMAP_OFF DIRLIGHTMAP_OFF DYNAMICLIGHTMAP_OFF _ALPHAPREMULTIPLY_ON _NORMALMAP _SPECGLOSSMAP ok=1
Cmd: compileSnippet
  api=4 type=0 insize=1148 outsize=3979 kw=LIGHTMAP_OFF DIRLIGHTMAP_OFF DYNAMICLIGHTMAP_OFF UNITY_HDR_ON _ALPHAPREMULTIPLY_ON ok=1
Cmd: compileSnippet
  api=1 type=1 insize=1148 outsize=2809 kw=LIGHTMAP_OFF DIRLIGHTMAP_OFF DYNAMICLIGHTMAP_OFF _ALPHAPREMULTIPLY_ON _NORMALMAP _SPECGLOSSMAP ok=1
Cmd: compileSnippet
  api=4 type=1 insize=1148 outsize=8603 kw=LIGHTMAP_OFF DIRLIGHTMAP_OFF DYNAMICLIGHTMAP_OFF UNITY_HDR_ON _ALPHAPREMULTIPLY_ON _NORMALMAP _SPECGLOSSMAP ok=1
Cmd: compileSnippet
  api=1 type=0 insize=903 outsize=979 kw=DIRECTIONAL SHADOWS_SCREEN LIGHTMAP_OFF DIRLIGHTMAP_OFF DYNAMICLIGHTMAP_OFF _ALPHAPREMULTIPLY_ON ok=1
Cmd: compileSnippet
  api=1 type=0 insize=903 outsize=1345 kw=DIRECTIONAL SHADOWS_OFF LIGHTMAP_OFF DIRLIGHTMAP_OFF DYNAMICLIGHTMAP_OFF VERTEXLIGHT_ON _ALPHAPREMULTIPLY_ON ok=1
Cmd: compileSnippet
  api=4 type=0 insize=903 outsize=6084 kw=DIRECTIONAL SHADOWS_SCREEN LIGHTMAP_OFF DIRLIGHTMAP_OFF DYNAMICLIGHTMAP_OFF VERTEXLIGHT_ON _ALPHAPREMULTIPLY_ON ok=1
Cmd: compileSnippet
  api=1 type=0 insize=903 outsize=926 kw=DIRECTIONAL SHADOWS_OFF LIGHTMAP_OFF DIRLIGHTMAP_OFF DYNAMICLIGHTMAP_OFF FOG_EXP2 _ALPHAPREMULTIPLY_ON ok=1
Cmd: compileSnippet
  api=1 type=0 insize=903 outsize=1039 kw=DIRECTIONAL SHADOWS_SCREEN LIGHTMAP_OFF DIRLIGHTMAP_OFF DYNAMICLIGHTMAP_OFF FOG_EXP2 _ALPHAPREMULTIPLY_ON ok=1
Cmd: compileSnippet
  api=4 type=0 insize=903 outsize=6043 kw=DIRECTIONAL SHADOWS_OFF LIGHTMAP_OFF DIRLIGHTMAP_OFF DYNAMICLIGHTMAP_OFF FOG_EXP2 VERTEXLIGHT_ON _ALPHAPREMULTIPLY_ON ok=1
Cmd: compileSnippet
  api=8 type=0 insize=903 outsize=7833 kw=DIRECTIONAL SHADOWS_SCREEN SHADOWS_NATIVE LIGHTMAP_OFF DIRLIGHTMAP_OFF DYNAMICLIGHTMAP_OFF FOG_EXP2 _ALPHAPREMULTIPLY_ON ok=1
Cmd: compileSnippet
  api=8 type=0 insize=903 outsize=7296 kw=DIRECTIONAL SHADOWS_OFF LIGHTMAP_OFF DIRLIGHTMAP_OFF DYNAMICLIGHTMAP_OFF _ALPHAPREMULTIPLY_ON _NORMALMAP _SPECGLOSSMAP ok=1
Cmd: compileSnippet
  api=1 type=0 insize=903 outsize=1660 kw=DIRECTIONAL SHADOWS_SCREEN LIGHTMAP_OFF DIRLIGHTMAP_OFF DYNAMICLIGHTMAP_OFF VERTEXLIGHT_ON _ALPHAPREMULTIPLY_ON _NORMALMAP _SPECGLOSSMAP ok=1
Cmd: compileSnippet
  api=8 type=0 insize=903 outsize=10660 kw=DIRECTIONAL SHADOWS_SCREEN SHADOWS_NATIVE LIGHTMAP_OFF DIRLIGHTMAP_OFF DYNAMICLIGHTMAP_OFF VERTEXLIGHT_ON _ALPHAPREMULTIPLY_ON _NORMALMAP _SPECGLOSSMAP ok=1
Cmd: compileSnippet
  api=4 type=0 insize=903 outsize=6701 kw=DIRECTIONAL SHADOWS_OFF LIGHTMAP_OFF DIRLIGHTMAP_OFF DYNAMICLIGHTMAP_OFF FOG_EXP2 VERTEXLIGHT_ON _ALPHAPREMULTIPLY_ON _NORMALMAP _SPECGLOSSMAP ok=1
Cmd: compileSnippet
  api=8 type=0 insize=903 outsize=8783 kw=DIRECTIONAL SHADOWS_SCREEN SHADOWS_NATIVE LIGHTMAP_OFF DIRLIGHTMAP_OFF DYNAMICLIGHTMAP_OFF FOG_EXP2 _ALPHAPREMULTIPLY_ON _NORMALMAP _SPECGLOSSMAP ok=1
Cmd: compileSnippet
  api=1 type=1 insize=903 outsize=1159 kw=DIRECTIONAL SHADOWS_SCREEN LIGHTMAP_OFF DIRLIGHTMAP_OFF DYNAMICLIGHTMAP_OFF _ALPHAPREMULTIPLY_ON ok=1
Cmd: compileSnippet
  api=8 type=1 insize=903 outsize=6289 kw=DIRECTIONAL SHADOWS_SCREEN SHADOWS_NATIVE LIGHTMAP_OFF DIRLIGHTMAP_OFF DYNAMICLIGHTMAP_OFF _ALPHAPREMULTIPLY_ON ok=1
Cmd: compileSnippet
  api=8 type=1 insize=903 outsize=6679 kw=DIRECTIONAL SHADOWS_SCREEN SHADOWS_NATIVE LIGHTMAP_OFF DIRLIGHTMAP_OFF DYNAMICLIGHTMAP_OFF FOG_EXP2 _ALPHAPREMULTIPLY_ON ok=1
Cmd: compileSnippet
  api=4 type=1 insize=903 outsize=4784 kw=DIRECTIONAL SHADOWS_SCREEN LIGHTMAP_OFF DIRLIGHTMAP_OFF DYNAMICLIGHTMAP_OFF _ALPHAPREMULTIPLY_ON _NORMALMAP _SPECGLOSSMAP ok=1
Cmd: compileSnippet
  api=4 type=1 insize=903 outsize=4768 kw=DIRECTIONAL SHADOWS_OFF LIGHTMAP_OFF DIRLIGHTMAP_OFF DYNAMICLIGHTMAP_OFF FOG_EXP2 _ALPHAPREMULTIPLY_ON _NORMALMAP _SPECGLOSSMAP ok=1
Cmd: compileSnippet
  api=8 type=1 insize=903 outsize=7727 kw=DIRECTIONAL SHADOWS_SCREEN SHADOWS_NATIVE LIGHTMAP_OFF DIRLIGHTMAP_OFF DYNAMICLIGHTMAP_OFF FOG_EXP2 _ALPHAPREMULTIPLY_ON _NORMALMAP _SPECGLOSSMAP ok=1
Cmd: compileSnippet
  api=1 type=0 insize=812 outsize=781 kw=DIRECTIONAL SHADOWS_OFF _ALPHAPREMULTIPLY_ON ok=1
Cmd: compileSnippet
  api=4 type=0 insize=812 outsize=4191 kw=DIRECTIONAL SHADOWS_OFF _ALPHAPREMULTIPLY_ON ok=1
Cmd: compileSnippet
  api=8 type=0 insize=812 outsize=7288 kw=SPOT SHADOWS_OFF _ALPHAPREMULTIPLY_ON ok=1
Cmd: compileSnippet
  api=8 type=0 insize=812 outsize=7109 kw=DIRECTIONAL_COOKIE SHADOWS_OFF _ALPHAPREMULTIPLY_ON ok=1
Cmd: compileSnippet
  api=4 type=0 insize=812 outsize=4548 kw=DIRECTIONAL SHADOWS_SCREEN _ALPHAPREMULTIPLY_ON ok=1
Cmd: compileSnippet
  api=4 type=0 insize=812 outsize=5182 kw=POINT SHADOWS_CUBE _ALPHAPREMULTIPLY_ON ok=1
Cmd: compileSnippet
  api=8 type=0 insize=812 outsize=7467 kw=POINT_COOKIE SHADOWS_CUBE _ALPHAPREMULTIPLY_ON ok=1
Cmd: compileSnippet
  api=4 type=0 insize=812 outsize=5353 kw=POINT SHADOWS_OFF FOG_EXP2 _ALPHAPREMULTIPLY_ON ok=1
Cmd: compileSnippet
  api=8 type=0 insize=812 outsize=6516 kw=DIRECTIONAL SHADOWS_OFF FOG_EXP2 _ALPHAPREMULTIPLY_ON ok=1
Cmd: compileSnippet
  api=4 type=0 insize=812 outsize=5353 kw=POINT_COOKIE SHADOWS_OFF FOG_EXP2 _ALPHAPREMULTIPLY_ON ok=1
Cmd: compileSnippet
  api=4 type=0 insize=812 outsize=5198 kw=DIRECTIONAL_COOKIE SHADOWS_OFF FOG_EXP2 _ALPHAPREMULTIPLY_ON ok=1
Cmd: compileSnippet
  api=8 type=0 insize=812 outsize=8312 kw=SPOT SHADOWS_DEPTH SHADOWS_NATIVE FOG_EXP2 _ALPHAPREMULTIPLY_ON ok=1
Cmd: compileSnippet
  api=1 type=0 insize=812 outsize=968 kw=POINT SHADOWS_CUBE FOG_EXP2 _ALPHAPREMULTIPLY_ON ok=1
Cmd: compileSnippet
  api=4 type=0 insize=812 outsize=5499 kw=POINT_COOKIE SHADOWS_CUBE FOG_EXP2 _ALPHAPREMULTIPLY_ON ok=1
Cmd: compileSnippet
  api=8 type=0 insize=812 outsize=8133 kw=DIRECTIONAL_COOKIE SHADOWS_SCREEN SHADOWS_NATIVE FOG_EXP2 _ALPHAPREMULTIPLY_ON ok=1
Cmd: compileSnippet
  api=1 type=0 insize=812 outsize=781 kw=DIRECTIONAL SHADOWS_OFF _ALPHAPREMULTIPLY_ON _NORMALMAP _SPECGLOSSMAP ok=1
Cmd: compileSnippet
  api=1 type=0 insize=812 outsize=890 kw=SPOT SHADOWS_OFF _ALPHAPREMULTIPLY_ON _NORMALMAP _SPECGLOSSMAP ok=1
Cmd: compileSnippet
  api=4 type=0 insize=812 outsize=5036 kw=POINT_COOKIE SHADOWS_OFF _ALPHAPREMULTIPLY_ON _NORMALMAP _SPECGLOSSMAP ok=1
Cmd: compileSnippet
  api=8 type=0 insize=812 outsize=7109 kw=DIRECTIONAL_COOKIE SHADOWS_OFF _ALPHAPREMULTIPLY_ON _NORMALMAP _SPECGLOSSMAP ok=1
Cmd: compileSnippet
  api=4 type=0 insize=812 outsize=4548 kw=DIRECTIONAL SHADOWS_SCREEN _ALPHAPREMULTIPLY_ON _NORMALMAP _SPECGLOSSMAP ok=1
Cmd: compileSnippet
  api=1 type=0 insize=812 outsize=893 kw=POINT SHADOWS_CUBE _ALPHAPREMULTIPLY_ON _NORMALMAP _SPECGLOSSMAP ok=1
Cmd: compileSnippet
  api=4 type=0 insize=812 outsize=5182 kw=POINT_COOKIE SHADOWS_CUBE _ALPHAPREMULTIPLY_ON _NORMALMAP _SPECGLOSSMAP ok=1
Cmd: compileSnippet
  api=1 type=0 insize=812 outsize=946 kw=POINT SHADOWS_OFF FOG_EXP2 _ALPHAPREMULTIPLY_ON _NORMALMAP _SPECGLOSSMAP ok=1
Cmd: compileSnippet
  api=1 type=0 insize=812 outsize=856 kw=DIRECTIONAL SHADOWS_OFF FOG_EXP2 _ALPHAPREMULTIPLY_ON _NORMALMAP _SPECGLOSSMAP ok=1
Cmd: compileSnippet
  api=8 type=0 insize=812 outsize=6516 kw=DIRECTIONAL SHADOWS_OFF FOG_EXP2 _ALPHAPREMULTIPLY_ON _NORMALMAP _SPECGLOSSMAP ok=1
Cmd: compileSnippet
  api=8 type=0 insize=812 outsize=7719 kw=POINT_COOKIE SHADOWS_OFF FOG_EXP2 _ALPHAPREMULTIPLY_ON _NORMALMAP _SPECGLOSSMAP ok=1
Cmd: compileSnippet
  api=8 type=0 insize=812 outsize=8312 kw=SPOT SHADOWS_DEPTH SHADOWS_NATIVE FOG_EXP2 _ALPHAPREMULTIPLY_ON _NORMALMAP _SPECGLOSSMAP ok=1
Cmd: compileSnippet
  api=1 type=0 insize=812 outsize=968 kw=POINT SHADOWS_CUBE FOG_EXP2 _ALPHAPREMULTIPLY_ON _NORMALMAP _SPECGLOSSMAP ok=1
Cmd: compileSnippet
  api=1 type=0 insize=812 outsize=968 kw=POINT_COOKIE SHADOWS_CUBE FOG_EXP2 _ALPHAPREMULTIPLY_ON _NORMALMAP _SPECGLOSSMAP ok=1
Cmd: compileSnippet
  api=8 type=0 insize=812 outsize=7573 kw=DIRECTIONAL SHADOWS_SCREEN SHADOWS_NATIVE FOG_EXP2 _ALPHAPREMULTIPLY_ON _NORMALMAP _SPECGLOSSMAP ok=1
Cmd: compileSnippet
  api=8 type=1 insize=812 outsize=4136 kw=POINT SHADOWS_OFF _ALPHAPREMULTIPLY_ON ok=1
Cmd: compileSnippet
  api=4 type=1 insize=812 outsize=3240 kw=SPOT SHADOWS_OFF _ALPHAPREMULTIPLY_ON ok=1
Cmd: compileSnippet
  api=8 type=1 insize=812 outsize=4420 kw=POINT_COOKIE SHADOWS_OFF _ALPHAPREMULTIPLY_ON ok=1
Cmd: compileSnippet
  api=1 type=1 insize=812 outsize=967 kw=SPOT SHADOWS_DEPTH SHADOWS_NATIVE _ALPHAPREMULTIPLY_ON ok=1
Cmd: compileSnippet
  api=4 type=1 insize=812 outsize=2744 kw=DIRECTIONAL SHADOWS_SCREEN _ALPHAPREMULTIPLY_ON ok=1
Cmd: compileSnippet
  api=4 type=1 insize=812 outsize=3427 kw=POINT SHADOWS_CUBE _ALPHAPREMULTIPLY_ON ok=1
Cmd: compileSnippet
  api=8 type=1 insize=812 outsize=5468 kw=POINT_COOKIE SHADOWS_CUBE _ALPHAPREMULTIPLY_ON ok=1
Cmd: compileSnippet
  api=4 type=1 insize=812 outsize=2915 kw=POINT SHADOWS_OFF FOG_EXP2 _ALPHAPREMULTIPLY_ON ok=1
Cmd: compileSnippet
  api=8 type=1 insize=812 outsize=3868 kw=DIRECTIONAL SHADOWS_OFF FOG_EXP2 _ALPHAPREMULTIPLY_ON ok=1
Cmd: compileSnippet
  api=1 type=1 insize=812 outsize=847 kw=POINT_COOKIE SHADOWS_OFF FOG_EXP2 _ALPHAPREMULTIPLY_ON ok=1
Cmd: compileSnippet
  api=4 type=1 insize=812 outsize=2858 kw=DIRECTIONAL_COOKIE SHADOWS_OFF FOG_EXP2 _ALPHAPREMULTIPLY_ON ok=1
Cmd: compileSnippet
  api=8 type=1 insize=812 outsize=5866 kw=SPOT SHADOWS_DEPTH SHADOWS_NATIVE FOG_EXP2 _ALPHAPREMULTIPLY_ON ok=1
Cmd: compileSnippet
  api=1 type=1 insize=812 outsize=994 kw=POINT SHADOWS_CUBE FOG_EXP2 _ALPHAPREMULTIPLY_ON ok=1
Cmd: compileSnippet
  api=4 type=1 insize=812 outsize=3784 kw=POINT_COOKIE SHADOWS_CUBE FOG_EXP2 _ALPHAPREMULTIPLY_ON ok=1
Cmd: compileSnippet
  api=1 type=1 insize=812 outsize=1026 kw=POINT SHADOWS_OFF _ALPHAPREMULTIPLY_ON _NORMALMAP _SPECGLOSSMAP ok=1
Cmd: compileSnippet
  api=1 type=1 insize=812 outsize=963 kw=DIRECTIONAL SHADOWS_OFF _ALPHAPREMULTIPLY_ON _NORMALMAP _SPECGLOSSMAP ok=1
Cmd: compileSnippet
  api=1 type=1 insize=812 outsize=1153 kw=SPOT SHADOWS_OFF _ALPHAPREMULTIPLY_ON _NORMALMAP _SPECGLOSSMAP ok=1
Cmd: compileSnippet
  api=4 type=1 insize=812 outsize=3516 kw=POINT_COOKIE SHADOWS_OFF _ALPHAPREMULTIPLY_ON _NORMALMAP _SPECGLOSSMAP ok=1
Cmd: compileSnippet
  api=8 type=1 insize=812 outsize=5029 kw=DIRECTIONAL_COOKIE SHADOWS_OFF _ALPHAPREMULTIPLY_ON _NORMALMAP _SPECGLOSSMAP ok=1
Cmd: compileSnippet
  api=1 type=1 insize=812 outsize=1028 kw=DIRECTIONAL SHADOWS_SCREEN _ALPHAPREMULTIPLY_ON _NORMALMAP _SPECGLOSSMAP ok=1
Cmd: compileSnippet
  api=4 type=1 insize=812 outsize=3329 kw=DIRECTIONAL SHADOWS_SCREEN _ALPHAPREMULTIPLY_ON _NORMALMAP _SPECGLOSSMAP ok=1
Cmd: compileSnippet
  api=4 type=1 insize=812 outsize=4012 kw=POINT SHADOWS_CUBE _ALPHAPREMULTIPLY_ON _NORMALMAP _SPECGLOSSMAP ok=1
Cmd: compileSnippet
  api=8 type=1 insize=812 outsize=6476 kw=POINT_COOKIE SHADOWS_CUBE _ALPHAPREMULTIPLY_ON _NORMALMAP _SPECGLOSSMAP ok=1
Cmd: compileSnippet
  api=1 type=1 insize=812 outsize=1015 kw=DIRECTIONAL SHADOWS_OFF FOG_EXP2 _ALPHAPREMULTIPLY_ON _NORMALMAP _SPECGLOSSMAP ok=1
Cmd: compileSnippet
  api=1 type=1 insize=812 outsize=1205 kw=SPOT SHADOWS_OFF FOG_EXP2 _ALPHAPREMULTIPLY_ON _NORMALMAP _SPECGLOSSMAP ok=1
Cmd: compileSnippet
  api=4 type=1 insize=812 outsize=3687 kw=POINT_COOKIE SHADOWS_OFF FOG_EXP2 _ALPHAPREMULTIPLY_ON _NORMALMAP _SPECGLOSSMAP ok=1
Cmd: compileSnippet
  api=8 type=1 insize=812 outsize=5257 kw=DIRECTIONAL_COOKIE SHADOWS_OFF FOG_EXP2 _ALPHAPREMULTIPLY_ON _NORMALMAP _SPECGLOSSMAP ok=1
Cmd: compileSnippet
  api=1 type=1 insize=812 outsize=1080 kw=DIRECTIONAL SHADOWS_SCREEN FOG_EXP2 _ALPHAPREMULTIPLY_ON _NORMALMAP _SPECGLOSSMAP ok=1
Cmd: compileSnippet
  api=4 type=1 insize=812 outsize=3760 kw=DIRECTIONAL_COOKIE SHADOWS_SCREEN FOG_EXP2 _ALPHAPREMULTIPLY_ON _NORMALMAP _SPECGLOSSMAP ok=1
Cmd: compileSnippet
  api=1 type=1 insize=812 outsize=1340 kw=POINT_COOKIE SHADOWS_CUBE FOG_EXP2 _ALPHAPREMULTIPLY_ON _NORMALMAP _SPECGLOSSMAP ok=1
Cmd: compileSnippet
  api=8 type=1 insize=812 outsize=5590 kw=DIRECTIONAL SHADOWS_SCREEN SHADOWS_NATIVE FOG_EXP2 _ALPHAPREMULTIPLY_ON _NORMALMAP _SPECGLOSSMAP ok=1
Cmd: compileSnippet
  api=8 type=0 insize=600 outsize=5728 kw=SHADOWS_DEPTH _ALPHAPREMULTIPLY_ON ok=1
Cmd: compileSnippet
  api=1 type=1 insize=600 outsize=195 kw=SHADOWS_CUBE _ALPHAPREMULTIPLY_ON ok=1
Unhandled exception: Readfile from pipe failed. GLE=Pipe terminata.


Quitting shader compiler process
