Base path: D:/Programmi/Unity/Editor/Data
Pipe name: \\.\pipe\UnityShaderCompiler-64bit-4-3600
Cmd: getPlatforms
Cmd: compileSnippet
  api=4 type=0 insize=977 outsize=4337 kw=DIRECTIONAL SHADOWS_SCREEN LIGHTMAP_OFF DIRLIGHTMAP_OFF DYNAMICLIGHTMAP_OFF _ALPHAPREMULTIPLY_ON ok=1
Cmd: compileSnippet
  api=4 type=0 insize=977 outsize=5751 kw=DIRECTIONAL SHADOWS_SCREEN LIGHTMAP_OFF DIRLIGHTMAP_OFF DYNAMICLIGHTMAP_OFF VERTEXLIGHT_ON _ALPHAPREMULTIPLY_ON ok=1
Cmd: compileSnippet
  api=4 type=0 insize=977 outsize=4451 kw=DIRECTIONAL SHADOWS_SCREEN LIGHTMAP_OFF DIRLIGHTMAP_OFF DYNAMICLIGHTMAP_OFF FOG_EXP2 _ALPHAPREMULTIPLY_ON ok=1
Cmd: compileSnippet
  api=4 type=0 insize=977 outsize=5864 kw=DIRECTIONAL SHADOWS_SCREEN LIGHTMAP_OFF DIRLIGHTMAP_OFF DYNAMICLIGHTMAP_OFF FOG_EXP2 VERTEXLIGHT_ON _ALPHAPREMULTIPLY_ON ok=1
Cmd: compileSnippet
  api=1 type=0 insize=977 outsize=1521 kw=DIRECTIONAL SHADOWS_OFF LIGHTMAP_OFF DIRLIGHTMAP_OFF DYNAMICLIGHTMAP_OFF VERTEXLIGHT_ON _ALPHAPREMULTIPLY_ON _NORMALMAP _SPECGLOSSMAP ok=1
Cmd: compileSnippet
  api=1 type=0 insize=977 outsize=1075 kw=DIRECTIONAL SHADOWS_OFF LIGHTMAP_OFF DIRLIGHTMAP_OFF DYNAMICLIGHTMAP_OFF FOG_EXP2 _ALPHAPREMULTIPLY_ON _NORMALMAP _SPECGLOSSMAP ok=1
Cmd: compileSnippet
  api=1 type=0 insize=977 outsize=1570 kw=DIRECTIONAL SHADOWS_OFF LIGHTMAP_OFF DIRLIGHTMAP_OFF DYNAMICLIGHTMAP_OFF FOG_EXP2 VERTEXLIGHT_ON _ALPHAPREMULTIPLY_ON _NORMALMAP _SPECGLOSSMAP ok=1
Cmd: compileSnippet
  api=4 type=1 insize=977 outsize=10593 kw=DIRECTIONAL SHADOWS_OFF LIGHTMAP_OFF DIRLIGHTMAP_OFF DYNAMICLIGHTMAP_OFF _ALPHAPREMULTIPLY_ON ok=1
Cmd: compileSnippet
  api=1 type=1 insize=977 outsize=3828 kw=DIRECTIONAL SHADOWS_OFF LIGHTMAP_OFF DIRLIGHTMAP_OFF DYNAMICLIGHTMAP_OFF FOG_EXP2 _ALPHAPREMULTIPLY_ON ok=1
Cmd: compileSnippet
  api=1 type=1 insize=977 outsize=4077 kw=DIRECTIONAL SHADOWS_OFF LIGHTMAP_OFF DIRLIGHTMAP_OFF DYNAMICLIGHTMAP_OFF _ALPHAPREMULTIPLY_ON _NORMALMAP _SPECGLOSSMAP ok=1
Cmd: compileSnippet
  api=1 type=1 insize=977 outsize=4317 kw=DIRECTIONAL SHADOWS_SCREEN LIGHTMAP_OFF DIRLIGHTMAP_OFF DYNAMICLIGHTMAP_OFF FOG_EXP2 _ALPHAPREMULTIPLY_ON _NORMALMAP _SPECGLOSSMAP ok=1
Cmd: compileSnippet
  api=4 type=0 insize=934 outsize=4727 kw=POINT SHADOWS_OFF _ALPHAPREMULTIPLY_ON ok=1
Cmd: compileSnippet
  api=4 type=0 insize=934 outsize=4727 kw=POINT_COOKIE SHADOWS_OFF _ALPHAPREMULTIPLY_ON ok=1
Cmd: compileSnippet
  api=4 type=0 insize=934 outsize=5141 kw=SPOT SHADOWS_DEPTH SHADOWS_NATIVE _ALPHAPREMULTIPLY_ON ok=1
Cmd: compileSnippet
  api=1 type=0 insize=934 outsize=943 kw=POINT SHADOWS_CUBE _ALPHAPREMULTIPLY_ON ok=1
Cmd: compileSnippet
  api=4 type=0 insize=934 outsize=4873 kw=POINT_COOKIE SHADOWS_CUBE _ALPHAPREMULTIPLY_ON ok=1
Cmd: compileSnippet
  api=4 type=0 insize=934 outsize=4873 kw=POINT SHADOWS_CUBE SHADOWS_SOFT _ALPHAPREMULTIPLY_ON ok=1
Cmd: compileSnippet
  api=1 type=0 insize=934 outsize=857 kw=DIRECTIONAL SHADOWS_OFF FOG_EXP2 _ALPHAPREMULTIPLY_ON ok=1
Cmd: compileSnippet
  api=4 type=0 insize=934 outsize=4881 kw=SPOT SHADOWS_OFF FOG_EXP2 _ALPHAPREMULTIPLY_ON ok=1
Cmd: compileSnippet
  api=1 type=0 insize=934 outsize=1054 kw=SPOT SHADOWS_DEPTH SHADOWS_NATIVE FOG_EXP2 _ALPHAPREMULTIPLY_ON ok=1
Cmd: compileSnippet
  api=1 type=0 insize=934 outsize=1085 kw=DIRECTIONAL_COOKIE SHADOWS_SCREEN FOG_EXP2 _ALPHAPREMULTIPLY_ON ok=1
Cmd: compileSnippet
  api=4 type=0 insize=934 outsize=5028 kw=POINT SHADOWS_CUBE FOG_EXP2 _ALPHAPREMULTIPLY_ON ok=1
Cmd: compileSnippet
  api=1 type=0 insize=934 outsize=992 kw=POINT SHADOWS_CUBE SHADOWS_SOFT FOG_EXP2 _ALPHAPREMULTIPLY_ON ok=1
Cmd: compileSnippet
  api=4 type=0 insize=934 outsize=5028 kw=POINT_COOKIE SHADOWS_CUBE SHADOWS_SOFT FOG_EXP2 _ALPHAPREMULTIPLY_ON ok=1
Cmd: compileSnippet
  api=1 type=0 insize=934 outsize=915 kw=SPOT SHADOWS_OFF _ALPHAPREMULTIPLY_ON _NORMALMAP _SPECGLOSSMAP ok=1
Cmd: compileSnippet
  api=1 type=0 insize=934 outsize=882 kw=DIRECTIONAL_COOKIE SHADOWS_OFF _ALPHAPREMULTIPLY_ON _NORMALMAP _SPECGLOSSMAP ok=1
Cmd: compileSnippet
  api=1 type=0 insize=934 outsize=1005 kw=SPOT SHADOWS_DEPTH SHADOWS_NATIVE _ALPHAPREMULTIPLY_ON _NORMALMAP _SPECGLOSSMAP ok=1
Cmd: compileSnippet
  api=4 type=0 insize=934 outsize=4394 kw=DIRECTIONAL SHADOWS_SCREEN _ALPHAPREMULTIPLY_ON _NORMALMAP _SPECGLOSSMAP ok=1
Cmd: compileSnippet
  api=4 type=0 insize=934 outsize=4873 kw=POINT SHADOWS_CUBE _ALPHAPREMULTIPLY_ON _NORMALMAP _SPECGLOSSMAP ok=1
Cmd: compileSnippet
  api=1 type=0 insize=934 outsize=943 kw=POINT SHADOWS_CUBE SHADOWS_SOFT _ALPHAPREMULTIPLY_ON _NORMALMAP _SPECGLOSSMAP ok=1
Cmd: compileSnippet
  api=4 type=0 insize=934 outsize=4873 kw=POINT_COOKIE SHADOWS_CUBE SHADOWS_SOFT _ALPHAPREMULTIPLY_ON _NORMALMAP _SPECGLOSSMAP ok=1
Cmd: compileSnippet
  api=1 type=0 insize=934 outsize=964 kw=SPOT SHADOWS_OFF FOG_EXP2 _ALPHAPREMULTIPLY_ON _NORMALMAP _SPECGLOSSMAP ok=1
Cmd: compileSnippet
  api=4 type=0 insize=934 outsize=4881 kw=DIRECTIONAL_COOKIE SHADOWS_OFF FOG_EXP2 _ALPHAPREMULTIPLY_ON _NORMALMAP _SPECGLOSSMAP ok=1
Cmd: compileSnippet
  api=1 type=0 insize=934 outsize=1085 kw=DIRECTIONAL_COOKIE SHADOWS_SCREEN FOG_EXP2 _ALPHAPREMULTIPLY_ON _NORMALMAP _SPECGLOSSMAP ok=1
Cmd: compileSnippet
  api=1 type=0 insize=934 outsize=992 kw=POINT_COOKIE SHADOWS_CUBE FOG_EXP2 _ALPHAPREMULTIPLY_ON _NORMALMAP _SPECGLOSSMAP ok=1
Cmd: compileSnippet
  api=4 type=0 insize=934 outsize=5296 kw=SPOT SHADOWS_DEPTH SHADOWS_SOFT SHADOWS_NATIVE FOG_EXP2 _ALPHAPREMULTIPLY_ON _NORMALMAP _SPECGLOSSMAP ok=1
Cmd: compileSnippet
  api=4 type=1 insize=934 outsize=6043 kw=POINT SHADOWS_OFF _ALPHAPREMULTIPLY_ON ok=1
Cmd: compileSnippet
  api=4 type=1 insize=934 outsize=6539 kw=SPOT SHADOWS_OFF _ALPHAPREMULTIPLY_ON ok=1
Cmd: compileSnippet
  api=1 type=1 insize=934 outsize=2147 kw=DIRECTIONAL_COOKIE SHADOWS_OFF _ALPHAPREMULTIPLY_ON ok=1
Cmd: compileSnippet
  api=1 type=1 insize=934 outsize=2145 kw=DIRECTIONAL SHADOWS_SCREEN _ALPHAPREMULTIPLY_ON ok=1
Cmd: compileSnippet
  api=4 type=1 insize=934 outsize=6726 kw=POINT SHADOWS_CUBE _ALPHAPREMULTIPLY_ON ok=1
Cmd: compileSnippet
  api=4 type=1 insize=934 outsize=7741 kw=SPOT SHADOWS_DEPTH SHADOWS_SOFT SHADOWS_NATIVE _ALPHAPREMULTIPLY_ON ok=1
Cmd: compileSnippet
  api=1 type=1 insize=934 outsize=2681 kw=POINT_COOKIE SHADOWS_CUBE SHADOWS_SOFT _ALPHAPREMULTIPLY_ON ok=1
Cmd: compileSnippet
  api=1 type=1 insize=934 outsize=2159 kw=DIRECTIONAL SHADOWS_OFF FOG_EXP2 _ALPHAPREMULTIPLY_ON ok=1
Cmd: compileSnippet
  api=1 type=1 insize=934 outsize=2326 kw=POINT_COOKIE SHADOWS_OFF FOG_EXP2 _ALPHAPREMULTIPLY_ON ok=1
Cmd: compileSnippet
  api=1 type=1 insize=934 outsize=2499 kw=SPOT SHADOWS_DEPTH SHADOWS_NATIVE FOG_EXP2 _ALPHAPREMULTIPLY_ON ok=1
Cmd: compileSnippet
  api=1 type=1 insize=934 outsize=2317 kw=DIRECTIONAL_COOKIE SHADOWS_SCREEN FOG_EXP2 _ALPHAPREMULTIPLY_ON ok=1
Cmd: compileSnippet
  api=1 type=1 insize=934 outsize=2546 kw=POINT_COOKIE SHADOWS_CUBE FOG_EXP2 _ALPHAPREMULTIPLY_ON ok=1
Cmd: compileSnippet
  api=1 type=1 insize=934 outsize=2737 kw=POINT SHADOWS_CUBE SHADOWS_SOFT FOG_EXP2 _ALPHAPREMULTIPLY_ON ok=1
Cmd: compileSnippet
  api=4 type=1 insize=934 outsize=6758 kw=POINT SHADOWS_OFF _ALPHAPREMULTIPLY_ON _NORMALMAP _SPECGLOSSMAP ok=1
Cmd: compileSnippet
  api=4 type=1 insize=934 outsize=7311 kw=SPOT SHADOWS_OFF _ALPHAPREMULTIPLY_ON _NORMALMAP _SPECGLOSSMAP ok=1
Cmd: compileSnippet
  api=4 type=1 insize=934 outsize=6563 kw=DIRECTIONAL_COOKIE SHADOWS_OFF _ALPHAPREMULTIPLY_ON _NORMALMAP _SPECGLOSSMAP ok=1
Cmd: compileSnippet
  api=4 type=1 insize=934 outsize=6620 kw=DIRECTIONAL SHADOWS_SCREEN _ALPHAPREMULTIPLY_ON _NORMALMAP _SPECGLOSSMAP ok=1
Cmd: compileSnippet
  api=4 type=1 insize=934 outsize=7498 kw=POINT SHADOWS_CUBE _ALPHAPREMULTIPLY_ON _NORMALMAP _SPECGLOSSMAP ok=1
Cmd: compileSnippet
  api=4 type=1 insize=934 outsize=8440 kw=SPOT SHADOWS_DEPTH SHADOWS_SOFT SHADOWS_NATIVE _ALPHAPREMULTIPLY_ON _NORMALMAP _SPECGLOSSMAP ok=1
Cmd: compileSnippet
  api=1 type=1 insize=934 outsize=2967 kw=POINT_COOKIE SHADOWS_CUBE SHADOWS_SOFT _ALPHAPREMULTIPLY_ON _NORMALMAP _SPECGLOSSMAP ok=1
Cmd: compileSnippet
  api=4 type=1 insize=934 outsize=6644 kw=DIRECTIONAL SHADOWS_OFF FOG_EXP2 _ALPHAPREMULTIPLY_ON _NORMALMAP _SPECGLOSSMAP ok=1
Cmd: compileSnippet
  api=1 type=1 insize=934 outsize=2581 kw=DIRECTIONAL_COOKIE SHADOWS_OFF FOG_EXP2 _ALPHAPREMULTIPLY_ON _NORMALMAP _SPECGLOSSMAP ok=1
Cmd: compileSnippet
  api=4 type=1 insize=934 outsize=6953 kw=DIRECTIONAL SHADOWS_SCREEN FOG_EXP2 _ALPHAPREMULTIPLY_ON _NORMALMAP _SPECGLOSSMAP ok=1
Cmd: compileSnippet
  api=1 type=1 insize=934 outsize=2650 kw=DIRECTIONAL_COOKIE SHADOWS_SCREEN FOG_EXP2 _ALPHAPREMULTIPLY_ON _NORMALMAP _SPECGLOSSMAP ok=1
Cmd: compileSnippet
  api=4 type=1 insize=934 outsize=8018 kw=POINT_COOKIE SHADOWS_CUBE FOG_EXP2 _ALPHAPREMULTIPLY_ON _NORMALMAP _SPECGLOSSMAP ok=1
Cmd: compileSnippet
  api=4 type=1 insize=934 outsize=8603 kw=POINT SHADOWS_CUBE SHADOWS_SOFT FOG_EXP2 _ALPHAPREMULTIPLY_ON _NORMALMAP _SPECGLOSSMAP ok=1
Cmd: compileSnippet
  api=1 type=1 insize=751 outsize=331 kw=SHADOWS_CUBE _ALPHAPREMULTIPLY_ON ok=1
Cmd: compileSnippet
  api=4 type=0 insize=1148 outsize=4638 kw=LIGHTMAP_OFF DIRLIGHTMAP_OFF DYNAMICLIGHTMAP_OFF _ALPHAPREMULTIPLY_ON _NORMALMAP _SPECGLOSSMAP ok=1
Cmd: compileSnippet
  api=4 type=1 insize=1148 outsize=8651 kw=LIGHTMAP_OFF DIRLIGHTMAP_OFF DYNAMICLIGHTMAP_OFF _ALPHAPREMULTIPLY_ON _NORMALMAP _SPECGLOSSMAP ok=1
Cmd: compileSnippet
  api=4 type=1 insize=1148 outsize=7798 kw=LIGHTMAP_OFF DIRLIGHTMAP_OFF DYNAMICLIGHTMAP_OFF UNITY_HDR_ON _ALPHAPREMULTIPLY_ON ok=1
Cmd: compileSnippet
  api=4 type=0 insize=903 outsize=4313 kw=DIRECTIONAL SHADOWS_OFF LIGHTMAP_OFF DIRLIGHTMAP_OFF DYNAMICLIGHTMAP_OFF _ALPHAPREMULTIPLY_ON ok=1
Cmd: compileSnippet
  api=4 type=0 insize=903 outsize=5726 kw=DIRECTIONAL SHADOWS_OFF LIGHTMAP_OFF DIRLIGHTMAP_OFF DYNAMICLIGHTMAP_OFF VERTEXLIGHT_ON _ALPHAPREMULTIPLY_ON ok=1
Cmd: compileSnippet
  api=8 type=0 insize=903 outsize=7402 kw=DIRECTIONAL SHADOWS_SCREEN SHADOWS_NATIVE LIGHTMAP_OFF DIRLIGHTMAP_OFF DYNAMICLIGHTMAP_OFF _ALPHAPREMULTIPLY_ON ok=1
Cmd: compileSnippet
  api=8 type=0 insize=903 outsize=6776 kw=DIRECTIONAL SHADOWS_OFF LIGHTMAP_OFF DIRLIGHTMAP_OFF DYNAMICLIGHTMAP_OFF FOG_EXP2 _ALPHAPREMULTIPLY_ON ok=1
Cmd: compileSnippet
  api=1 type=0 insize=903 outsize=1420 kw=DIRECTIONAL SHADOWS_OFF LIGHTMAP_OFF DIRLIGHTMAP_OFF DYNAMICLIGHTMAP_OFF FOG_EXP2 VERTEXLIGHT_ON _ALPHAPREMULTIPLY_ON ok=1
Cmd: compileSnippet
  api=4 type=0 insize=903 outsize=6360 kw=DIRECTIONAL SHADOWS_SCREEN LIGHTMAP_OFF DIRLIGHTMAP_OFF DYNAMICLIGHTMAP_OFF FOG_EXP2 VERTEXLIGHT_ON _ALPHAPREMULTIPLY_ON ok=1
Cmd: compileSnippet
  api=4 type=0 insize=903 outsize=4971 kw=DIRECTIONAL SHADOWS_OFF LIGHTMAP_OFF DIRLIGHTMAP_OFF DYNAMICLIGHTMAP_OFF _ALPHAPREMULTIPLY_ON _NORMALMAP _SPECGLOSSMAP ok=1
Cmd: compileSnippet
  api=4 type=0 insize=903 outsize=5328 kw=DIRECTIONAL SHADOWS_SCREEN LIGHTMAP_OFF DIRLIGHTMAP_OFF DYNAMICLIGHTMAP_OFF _ALPHAPREMULTIPLY_ON _NORMALMAP _SPECGLOSSMAP ok=1
Cmd: compileSnippet
  api=8 type=0 insize=903 outsize=9604 kw=DIRECTIONAL SHADOWS_OFF LIGHTMAP_OFF DIRLIGHTMAP_OFF DYNAMICLIGHTMAP_OFF VERTEXLIGHT_ON _ALPHAPREMULTIPLY_ON _NORMALMAP _SPECGLOSSMAP ok=1
Cmd: compileSnippet
  api=4 type=0 insize=903 outsize=5288 kw=DIRECTIONAL SHADOWS_OFF LIGHTMAP_OFF DIRLIGHTMAP_OFF DYNAMICLIGHTMAP_OFF FOG_EXP2 _ALPHAPREMULTIPLY_ON _NORMALMAP _SPECGLOSSMAP ok=1
Cmd: compileSnippet
  api=4 type=0 insize=903 outsize=5604 kw=DIRECTIONAL SHADOWS_SCREEN LIGHTMAP_OFF DIRLIGHTMAP_OFF DYNAMICLIGHTMAP_OFF FOG_EXP2 _ALPHAPREMULTIPLY_ON _NORMALMAP _SPECGLOSSMAP ok=1
Cmd: compileSnippet
  api=1 type=0 insize=903 outsize=1720 kw=DIRECTIONAL SHADOWS_SCREEN LIGHTMAP_OFF DIRLIGHTMAP_OFF DYNAMICLIGHTMAP_OFF FOG_EXP2 VERTEXLIGHT_ON _ALPHAPREMULTIPLY_ON _NORMALMAP _SPECGLOSSMAP ok=1
Cmd: compileSnippet
  api=8 type=0 insize=903 outsize=11091 kw=DIRECTIONAL SHADOWS_SCREEN SHADOWS_NATIVE LIGHTMAP_OFF DIRLIGHTMAP_OFF DYNAMICLIGHTMAP_OFF FOG_EXP2 VERTEXLIGHT_ON _ALPHAPREMULTIPLY_ON _NORMALMAP _SPECGLOSSMAP ok=1
Cmd: compileSnippet
  api=4 type=1 insize=903 outsize=3882 kw=DIRECTIONAL SHADOWS_OFF LIGHTMAP_OFF DIRLIGHTMAP_OFF DYNAMICLIGHTMAP_OFF _ALPHAPREMULTIPLY_ON ok=1
Cmd: compileSnippet
  api=1 type=1 insize=903 outsize=1155 kw=DIRECTIONAL SHADOWS_OFF LIGHTMAP_OFF DIRLIGHTMAP_OFF DYNAMICLIGHTMAP_OFF FOG_EXP2 _ALPHAPREMULTIPLY_ON ok=1
Cmd: compileSnippet
  api=8 type=1 insize=903 outsize=5988 kw=DIRECTIONAL SHADOWS_OFF LIGHTMAP_OFF DIRLIGHTMAP_OFF DYNAMICLIGHTMAP_OFF FOG_EXP2 _ALPHAPREMULTIPLY_ON ok=1
Cmd: compileSnippet
  api=4 type=1 insize=903 outsize=4467 kw=DIRECTIONAL SHADOWS_OFF LIGHTMAP_OFF DIRLIGHTMAP_OFF DYNAMICLIGHTMAP_OFF _ALPHAPREMULTIPLY_ON _NORMALMAP _SPECGLOSSMAP ok=1
Cmd: compileSnippet
  api=8 type=1 insize=903 outsize=7337 kw=DIRECTIONAL SHADOWS_SCREEN SHADOWS_NATIVE LIGHTMAP_OFF DIRLIGHTMAP_OFF DYNAMICLIGHTMAP_OFF _ALPHAPREMULTIPLY_ON _NORMALMAP _SPECGLOSSMAP ok=1
Cmd: compileSnippet
  api=4 type=1 insize=903 outsize=5084 kw=DIRECTIONAL SHADOWS_SCREEN LIGHTMAP_OFF DIRLIGHTMAP_OFF DYNAMICLIGHTMAP_OFF FOG_EXP2 _ALPHAPREMULTIPLY_ON _NORMALMAP _SPECGLOSSMAP ok=1
Cmd: compileSnippet
  api=4 type=0 insize=812 outsize=5036 kw=POINT SHADOWS_OFF _ALPHAPREMULTIPLY_ON ok=1
Cmd: compileSnippet
  api=1 type=0 insize=812 outsize=890 kw=SPOT SHADOWS_OFF _ALPHAPREMULTIPLY_ON ok=1
Cmd: compileSnippet
  api=4 type=0 insize=812 outsize=5036 kw=POINT_COOKIE SHADOWS_OFF _ALPHAPREMULTIPLY_ON ok=1
Cmd: compileSnippet
  api=4 type=0 insize=812 outsize=4881 kw=DIRECTIONAL_COOKIE SHADOWS_OFF _ALPHAPREMULTIPLY_ON ok=1
Cmd: compileSnippet
  api=8 type=0 insize=812 outsize=7881 kw=SPOT SHADOWS_DEPTH SHADOWS_NATIVE _ALPHAPREMULTIPLY_ON ok=1
Cmd: compileSnippet
  api=8 type=0 insize=812 outsize=7467 kw=POINT SHADOWS_CUBE _ALPHAPREMULTIPLY_ON ok=1
Cmd: compileSnippet
  api=8 type=0 insize=812 outsize=7703 kw=DIRECTIONAL_COOKIE SHADOWS_SCREEN SHADOWS_NATIVE _ALPHAPREMULTIPLY_ON ok=1
Cmd: compileSnippet
  api=4 type=0 insize=812 outsize=4508 kw=DIRECTIONAL SHADOWS_OFF FOG_EXP2 _ALPHAPREMULTIPLY_ON ok=1
Cmd: compileSnippet
  api=4 type=0 insize=812 outsize=5353 kw=SPOT SHADOWS_OFF FOG_EXP2 _ALPHAPREMULTIPLY_ON ok=1
Cmd: compileSnippet
  api=8 type=0 insize=812 outsize=7719 kw=POINT_COOKIE SHADOWS_OFF FOG_EXP2 _ALPHAPREMULTIPLY_ON ok=1
Cmd: compileSnippet
  api=4 type=0 insize=812 outsize=5767 kw=SPOT SHADOWS_DEPTH SHADOWS_NATIVE FOG_EXP2 _ALPHAPREMULTIPLY_ON ok=1
Cmd: compileSnippet
  api=1 type=0 insize=812 outsize=1045 kw=DIRECTIONAL_COOKIE SHADOWS_SCREEN FOG_EXP2 _ALPHAPREMULTIPLY_ON ok=1
Cmd: compileSnippet
  api=8 type=0 insize=812 outsize=7898 kw=POINT SHADOWS_CUBE FOG_EXP2 _ALPHAPREMULTIPLY_ON ok=1
Cmd: compileSnippet
  api=1 type=0 insize=812 outsize=871 kw=POINT SHADOWS_OFF _ALPHAPREMULTIPLY_ON _NORMALMAP _SPECGLOSSMAP ok=1
Cmd: compileSnippet
  api=4 type=0 insize=812 outsize=4191 kw=DIRECTIONAL SHADOWS_OFF _ALPHAPREMULTIPLY_ON _NORMALMAP _SPECGLOSSMAP ok=1
Cmd: compileSnippet
  api=4 type=0 insize=812 outsize=5036 kw=SPOT SHADOWS_OFF _ALPHAPREMULTIPLY_ON _NORMALMAP _SPECGLOSSMAP ok=1
Cmd: compileSnippet
  api=8 type=0 insize=812 outsize=7288 kw=POINT_COOKIE SHADOWS_OFF _ALPHAPREMULTIPLY_ON _NORMALMAP _SPECGLOSSMAP ok=1
Cmd: compileSnippet
  api=4 type=0 insize=812 outsize=5450 kw=SPOT SHADOWS_DEPTH SHADOWS_NATIVE _ALPHAPREMULTIPLY_ON _NORMALMAP _SPECGLOSSMAP ok=1
Cmd: compileSnippet
  api=4 type=0 insize=812 outsize=5239 kw=DIRECTIONAL_COOKIE SHADOWS_SCREEN _ALPHAPREMULTIPLY_ON _NORMALMAP _SPECGLOSSMAP ok=1
Cmd: compileSnippet
  api=1 type=0 insize=812 outsize=893 kw=POINT_COOKIE SHADOWS_CUBE _ALPHAPREMULTIPLY_ON _NORMALMAP _SPECGLOSSMAP ok=1
Cmd: compileSnippet
  api=8 type=0 insize=812 outsize=7467 kw=POINT_COOKIE SHADOWS_CUBE _ALPHAPREMULTIPLY_ON _NORMALMAP _SPECGLOSSMAP ok=1
Cmd: compileSnippet
  api=4 type=0 insize=812 outsize=5353 kw=POINT SHADOWS_OFF FOG_EXP2 _ALPHAPREMULTIPLY_ON _NORMALMAP _SPECGLOSSMAP ok=1
Cmd: compileSnippet
  api=1 type=0 insize=812 outsize=965 kw=SPOT SHADOWS_OFF FOG_EXP2 _ALPHAPREMULTIPLY_ON _NORMALMAP _SPECGLOSSMAP ok=1
Cmd: compileSnippet
  api=1 type=0 insize=812 outsize=946 kw=POINT_COOKIE SHADOWS_OFF FOG_EXP2 _ALPHAPREMULTIPLY_ON _NORMALMAP _SPECGLOSSMAP ok=1
Cmd: compileSnippet
  api=4 type=0 insize=812 outsize=5198 kw=DIRECTIONAL_COOKIE SHADOWS_OFF FOG_EXP2 _ALPHAPREMULTIPLY_ON _NORMALMAP _SPECGLOSSMAP ok=1
Cmd: compileSnippet
  api=4 type=0 insize=812 outsize=5767 kw=SPOT SHADOWS_DEPTH SHADOWS_NATIVE FOG_EXP2 _ALPHAPREMULTIPLY_ON _NORMALMAP _SPECGLOSSMAP ok=1
Cmd: compileSnippet
  api=1 type=0 insize=812 outsize=1045 kw=DIRECTIONAL_COOKIE SHADOWS_SCREEN FOG_EXP2 _ALPHAPREMULTIPLY_ON _NORMALMAP _SPECGLOSSMAP ok=1
Cmd: compileSnippet
  api=8 type=0 insize=812 outsize=7898 kw=POINT SHADOWS_CUBE FOG_EXP2 _ALPHAPREMULTIPLY_ON _NORMALMAP _SPECGLOSSMAP ok=1
Cmd: compileSnippet
  api=1 type=1 insize=812 outsize=682 kw=DIRECTIONAL SHADOWS_OFF _ALPHAPREMULTIPLY_ON ok=1
Cmd: compileSnippet
  api=4 type=1 insize=812 outsize=2428 kw=DIRECTIONAL SHADOWS_OFF _ALPHAPREMULTIPLY_ON ok=1
Cmd: compileSnippet
  api=8 type=1 insize=812 outsize=4834 kw=SPOT SHADOWS_OFF _ALPHAPREMULTIPLY_ON ok=1
Cmd: compileSnippet
  api=8 type=1 insize=812 outsize=4022 kw=DIRECTIONAL_COOKIE SHADOWS_OFF _ALPHAPREMULTIPLY_ON ok=1
Cmd: compileSnippet
  api=1 type=1 insize=812 outsize=747 kw=DIRECTIONAL SHADOWS_SCREEN _ALPHAPREMULTIPLY_ON ok=1
Cmd: compileSnippet
  api=4 type=1 insize=812 outsize=3004 kw=DIRECTIONAL_COOKIE SHADOWS_SCREEN _ALPHAPREMULTIPLY_ON ok=1
Cmd: compileSnippet
  api=1 type=1 insize=812 outsize=1002 kw=POINT_COOKIE SHADOWS_CUBE _ALPHAPREMULTIPLY_ON ok=1
Cmd: compileSnippet
  api=8 type=1 insize=812 outsize=4331 kw=DIRECTIONAL SHADOWS_SCREEN SHADOWS_NATIVE _ALPHAPREMULTIPLY_ON ok=1
Cmd: compileSnippet
  api=1 type=1 insize=812 outsize=734 kw=DIRECTIONAL SHADOWS_OFF FOG_EXP2 _ALPHAPREMULTIPLY_ON ok=1
Cmd: compileSnippet
  api=1 type=1 insize=812 outsize=924 kw=SPOT SHADOWS_OFF FOG_EXP2 _ALPHAPREMULTIPLY_ON ok=1
Cmd: compileSnippet
  api=8 type=1 insize=812 outsize=4648 kw=POINT_COOKIE SHADOWS_OFF FOG_EXP2 _ALPHAPREMULTIPLY_ON ok=1
Cmd: compileSnippet
  api=1 type=1 insize=812 outsize=1019 kw=SPOT SHADOWS_DEPTH SHADOWS_NATIVE FOG_EXP2 _ALPHAPREMULTIPLY_ON ok=1
Cmd: compileSnippet
  api=4 type=1 insize=812 outsize=2915 kw=DIRECTIONAL SHADOWS_SCREEN FOG_EXP2 _ALPHAPREMULTIPLY_ON ok=1
Cmd: compileSnippet
  api=4 type=1 insize=812 outsize=3598 kw=POINT SHADOWS_CUBE FOG_EXP2 _ALPHAPREMULTIPLY_ON ok=1
Cmd: compileSnippet
  api=8 type=1 insize=812 outsize=5696 kw=POINT_COOKIE SHADOWS_CUBE FOG_EXP2 _ALPHAPREMULTIPLY_ON ok=1
Cmd: compileSnippet
  api=4 type=1 insize=812 outsize=3329 kw=POINT SHADOWS_OFF _ALPHAPREMULTIPLY_ON _NORMALMAP _SPECGLOSSMAP ok=1
Cmd: compileSnippet
  api=8 type=1 insize=812 outsize=4648 kw=DIRECTIONAL SHADOWS_OFF _ALPHAPREMULTIPLY_ON _NORMALMAP _SPECGLOSSMAP ok=1
Cmd: compileSnippet
  api=1 type=1 insize=812 outsize=1076 kw=POINT_COOKIE SHADOWS_OFF _ALPHAPREMULTIPLY_ON _NORMALMAP _SPECGLOSSMAP ok=1
Cmd: compileSnippet
  api=1 type=1 insize=812 outsize=1027 kw=DIRECTIONAL_COOKIE SHADOWS_OFF _ALPHAPREMULTIPLY_ON _NORMALMAP _SPECGLOSSMAP ok=1
Cmd: compileSnippet
  api=4 type=1 insize=812 outsize=4345 kw=SPOT SHADOWS_DEPTH SHADOWS_NATIVE _ALPHAPREMULTIPLY_ON _NORMALMAP _SPECGLOSSMAP ok=1
Cmd: compileSnippet
  api=4 type=1 insize=812 outsize=3589 kw=DIRECTIONAL_COOKIE SHADOWS_SCREEN _ALPHAPREMULTIPLY_ON _NORMALMAP _SPECGLOSSMAP ok=1
Cmd: compileSnippet
  api=1 type=1 insize=812 outsize=1288 kw=POINT_COOKIE SHADOWS_CUBE _ALPHAPREMULTIPLY_ON _NORMALMAP _SPECGLOSSMAP ok=1
Cmd: compileSnippet
  api=8 type=1 insize=812 outsize=5363 kw=DIRECTIONAL SHADOWS_SCREEN SHADOWS_NATIVE _ALPHAPREMULTIPLY_ON _NORMALMAP _SPECGLOSSMAP ok=1
Cmd: compileSnippet
  api=4 type=1 insize=812 outsize=3500 kw=POINT SHADOWS_OFF FOG_EXP2 _ALPHAPREMULTIPLY_ON _NORMALMAP _SPECGLOSSMAP ok=1
Cmd: compileSnippet
  api=8 type=1 insize=812 outsize=4875 kw=DIRECTIONAL SHADOWS_OFF FOG_EXP2 _ALPHAPREMULTIPLY_ON _NORMALMAP _SPECGLOSSMAP ok=1
Cmd: compileSnippet
  api=1 type=1 insize=812 outsize=1128 kw=POINT_COOKIE SHADOWS_OFF FOG_EXP2 _ALPHAPREMULTIPLY_ON _NORMALMAP _SPECGLOSSMAP ok=1
Cmd: compileSnippet
  api=1 type=1 insize=812 outsize=1079 kw=DIRECTIONAL_COOKIE SHADOWS_OFF FOG_EXP2 _ALPHAPREMULTIPLY_ON _NORMALMAP _SPECGLOSSMAP ok=1
Cmd: compileSnippet
  api=4 type=1 insize=812 outsize=4516 kw=SPOT SHADOWS_DEPTH SHADOWS_NATIVE FOG_EXP2 _ALPHAPREMULTIPLY_ON _NORMALMAP _SPECGLOSSMAP ok=1
Cmd: compileSnippet
  api=1 type=1 insize=812 outsize=1116 kw=DIRECTIONAL_COOKIE SHADOWS_SCREEN FOG_EXP2 _ALPHAPREMULTIPLY_ON _NORMALMAP _SPECGLOSSMAP ok=1
Cmd: compileSnippet
  api=8 type=1 insize=812 outsize=6443 kw=POINT SHADOWS_CUBE FOG_EXP2 _ALPHAPREMULTIPLY_ON _NORMALMAP _SPECGLOSSMAP ok=1
Cmd: compileSnippet
  api=8 type=1 insize=812 outsize=5972 kw=DIRECTIONAL_COOKIE SHADOWS_SCREEN SHADOWS_NATIVE FOG_EXP2 _ALPHAPREMULTIPLY_ON _NORMALMAP _SPECGLOSSMAP ok=1
Cmd: compileSnippet
  api=1 type=0 insize=600 outsize=878 kw=SHADOWS_DEPTH _ALPHAPREMULTIPLY_ON ok=1
Cmd: compileSnippet
  api=8 type=0 insize=600 outsize=2364 kw=SHADOWS_CUBE _ALPHAPREMULTIPLY_ON ok=1
Cmd: compileSnippet
  api=4 type=1 insize=600 outsize=835 kw=SHADOWS_DEPTH _ALPHAPREMULTIPLY_ON ok=1
Cmd: compileSnippet
  api=8 type=1 insize=600 outsize=1544 kw=SHADOWS_CUBE _ALPHAPREMULTIPLY_ON ok=1
Unhandled exception: Readfile from pipe failed. GLE=Pipe terminata.


Quitting shader compiler process
